Performing C SOURCE FILE Test CMAKE_HAVE_LIBC_PTHREAD failed with the following output:
Change Dir: /mnt/c/PROJECTS/GitHub/yc-architect-solution-library/yc-ai/yc-speechkit-transcoder/src/out/build/linux-default/CMakeFiles/CMakeTmp

Run Build Command(s):/usr/bin/ninja cmTC_4256f && [1/2] Building C object CMakeFiles/cmTC_4256f.dir/src.c.o
[2/2] Linking C executable cmTC_4256f
FAILED: cmTC_4256f 
: && /usr/bin/cc -DCMAKE_HAVE_LIBC_PTHREAD   CMakeFiles/cmTC_4256f.dir/src.c.o  -o cmTC_4256f   && :
/usr/bin/ld: CMakeFiles/cmTC_4256f.dir/src.c.o: in function `main':
src.c:(.text+0x46): undefined reference to `pthread_create'
/usr/bin/ld: src.c:(.text+0x52): undefined reference to `pthread_detach'
/usr/bin/ld: src.c:(.text+0x63): undefined reference to `pthread_join'
collect2: error: ld returned 1 exit status
ninja: build stopped: subcommand failed.


Source file was:
#include <pthread.h>

void* test_func(void* data)
{
  return data;
}

int main(void)
{
  pthread_t thread;
  pthread_create(&thread, NULL, test_func, NULL);
  pthread_detach(thread);
  pthread_join(thread, NULL);
  pthread_atfork(NULL, NULL, NULL);
  pthread_exit(NULL);

  return 0;
}

Determining if the function pthread_create exists in the pthreads failed with the following output:
Change Dir: /mnt/c/PROJECTS/GitHub/yc-architect-solution-library/yc-ai/yc-speechkit-transcoder/src/out/build/linux-default/CMakeFiles/CMakeTmp

Run Build Command(s):/usr/bin/ninja cmTC_61df5 && [1/2] Building C object CMakeFiles/cmTC_61df5.dir/CheckFunctionExists.c.o
[2/2] Linking C executable cmTC_61df5
FAILED: cmTC_61df5 
: && /usr/bin/cc -DCHECK_FUNCTION_EXISTS=pthread_create   CMakeFiles/cmTC_61df5.dir/CheckFunctionExists.c.o  -o cmTC_61df5  -lpthreads && :
/usr/bin/ld: cannot find -lpthreads
collect2: error: ld returned 1 exit status
ninja: build stopped: subcommand failed.



